[debug] [2020-08-09T05:56:41.218Z] ----------------------------------------------------------------------
[debug] [2020-08-09T05:56:41.222Z] Command:       /Users/mitsuhashitakuto/.nvm/versions/node/v14.1.0/bin/node /Users/mitsuhashitakuto/.nvm/versions/node/v14.1.0/bin/firebase deploy
[debug] [2020-08-09T05:56:41.223Z] CLI Version:   8.2.0
[debug] [2020-08-09T05:56:41.223Z] Platform:      darwin
[debug] [2020-08-09T05:56:41.224Z] Node Version:  v14.1.0
[debug] [2020-08-09T05:56:41.228Z] Time:          Sun Aug 09 2020 14:56:41 GMT+0900 (日本標準時)
[debug] [2020-08-09T05:56:41.230Z] ----------------------------------------------------------------------
[debug] [2020-08-09T05:56:41.230Z] 
[debug] [2020-08-09T05:56:41.288Z] > command requires scopes: ["email","openid","https://www.googleapis.com/auth/cloudplatformprojects.readonly","https://www.googleapis.com/auth/firebase","https://www.googleapis.com/auth/cloud-platform"]
[debug] [2020-08-09T05:56:41.304Z] > authorizing via signed-in user
[debug] [2020-08-09T05:56:41.305Z] [iam] checking project tackt-m for permissions ["firebase.projects.get","firebasehosting.sites.update"]
[debug] [2020-08-09T05:56:41.311Z] > refreshing access token with scopes: ["email","https://www.googleapis.com/auth/cloud-platform","https://www.googleapis.com/auth/cloudplatformprojects.readonly","https://www.googleapis.com/auth/firebase","openid"]
[debug] [2020-08-09T05:56:41.311Z] >>> HTTP REQUEST POST https://www.googleapis.com/oauth2/v3/token  
 <request body omitted>
[debug] [2020-08-09T05:56:41.609Z] <<< HTTP RESPONSE 200 {"content-type":"application/json; charset=utf-8","vary":"X-Origin, Referer, Origin,Accept-Encoding","date":"Sun, 09 Aug 2020 05:56:41 GMT","server":"scaffolding on HTTPServer2","cache-control":"private","x-xss-protection":"0","x-frame-options":"SAMEORIGIN","x-content-type-options":"nosniff","alt-svc":"h3-29=\":443\"; ma=2592000,h3-27=\":443\"; ma=2592000,h3-T050=\":443\"; ma=2592000,h3-Q050=\":443\"; ma=2592000,h3-Q046=\":443\"; ma=2592000,h3-Q043=\":443\"; ma=2592000,quic=\":443\"; ma=2592000; v=\"46,43\"","accept-ranges":"none","transfer-encoding":"chunked"}
[debug] [2020-08-09T05:56:41.658Z] >>> HTTP REQUEST POST https://cloudresourcemanager.googleapis.com/v1/projects/tackt-m:testIamPermissions  
 {"permissions":["firebase.projects.get","firebasehosting.sites.update"]}
[debug] [2020-08-09T05:56:42.785Z] <<< HTTP RESPONSE 200 {"content-type":"application/json; charset=UTF-8","vary":"X-Origin, Referer, Origin,Accept-Encoding","date":"Sun, 09 Aug 2020 05:56:42 GMT","server":"ESF","cache-control":"private","x-xss-protection":"0","x-frame-options":"SAMEORIGIN","x-content-type-options":"nosniff","server-timing":"gfet4t7; dur=680","alt-svc":"h3-29=\":443\"; ma=2592000,h3-27=\":443\"; ma=2592000,h3-T050=\":443\"; ma=2592000,h3-Q050=\":443\"; ma=2592000,h3-Q046=\":443\"; ma=2592000,h3-Q043=\":443\"; ma=2592000,quic=\":443\"; ma=2592000; v=\"46,43\"","accept-ranges":"none","transfer-encoding":"chunked"}
[debug] [2020-08-09T05:56:42.786Z] [iam] error while checking permissions, command may fail: FirebaseError: Authorization failed. This account is missing the following required permissions on project tackt-m:

  firebase.projects.get
  firebasehosting.sites.update
[debug] [2020-08-09T05:56:42.788Z] >>> HTTP REQUEST GET https://firebase.googleapis.com/v1beta1/projects/tackt-m  
 
[debug] [2020-08-09T05:56:43.911Z] <<< HTTP RESPONSE 403 {"vary":"X-Origin, Referer, Origin,Accept-Encoding","content-type":"application/json; charset=UTF-8","date":"Sun, 09 Aug 2020 05:56:43 GMT","server":"ESF","cache-control":"private","x-xss-protection":"0","x-frame-options":"SAMEORIGIN","x-content-type-options":"nosniff","alt-svc":"h3-29=\":443\"; ma=2592000,h3-27=\":443\"; ma=2592000,h3-T050=\":443\"; ma=2592000,h3-Q050=\":443\"; ma=2592000,h3-Q046=\":443\"; ma=2592000,h3-Q043=\":443\"; ma=2592000,quic=\":443\"; ma=2592000; v=\"46,43\"","accept-ranges":"none","transfer-encoding":"chunked"}
[debug] [2020-08-09T05:56:43.912Z] <<< HTTP RESPONSE BODY {"error":{"code":403,"message":"The caller does not have permission","status":"PERMISSION_DENIED"}}
[debug] [2020-08-09T05:56:43.915Z] HTTP Error: 403, The caller does not have permission
[debug] [2020-08-09T05:56:44.217Z] FirebaseError: HTTP Error: 403, The caller does not have permission
    at module.exports (/Users/mitsuhashitakuto/.nvm/versions/node/v14.1.0/lib/node_modules/firebase-tools/lib/responseToError.js:38:12)
    at Request._callback (/Users/mitsuhashitakuto/.nvm/versions/node/v14.1.0/lib/node_modules/firebase-tools/lib/api.js:41:35)
    at Request.self.callback (/Users/mitsuhashitakuto/.nvm/versions/node/v14.1.0/lib/node_modules/firebase-tools/node_modules/request/request.js:185:22)
    at Request.emit (events.js:315:20)
    at Request.EventEmitter.emit (domain.js:485:12)
    at Request.<anonymous> (/Users/mitsuhashitakuto/.nvm/versions/node/v14.1.0/lib/node_modules/firebase-tools/node_modules/request/request.js:1154:10)
    at Request.emit (events.js:315:20)
    at Request.EventEmitter.emit (domain.js:485:12)
    at IncomingMessage.<anonymous> (/Users/mitsuhashitakuto/.nvm/versions/node/v14.1.0/lib/node_modules/firebase-tools/node_modules/request/request.js:1076:12)
    at Object.onceWrapper (events.js:421:28)
    at IncomingMessage.emit (events.js:327:22)
    at IncomingMessage.EventEmitter.emit (domain.js:485:12)
    at endReadableNT (_stream_readable.js:1223:12)
    at processTicksAndRejections (internal/process/task_queues.js:84:21)
[error] 
[error] Error: Failed to get Firebase project tackt-m. Please make sure the project exists and your account has permission to access it.
